# JRE version: OpenJDK Runtime Environment Temurin-21.0.8+9 (21.0.8+9) (build 21.0.8+9-LTS)
# Java VM: OpenJDK 64-Bit Server VM Temurin-21.0.8+9 (21.0.8+9-LTS, mixed mode, sharing, tiered, compressed oops, compressed class ptrs, parallel gc, windows-amd64)
GC Precious Log:
 CardTable entry size: 512
 CPUs: 20 total, 20 available
 Memory: 16087M
 Large Page Support: Disabled
 NUMA Support: Disabled
 Compressed Oops: Enabled (32-bit)
 Alignments: Space 512K, Generation 512K, Heap 2M
 Heap Min Capacity: 100M
 Heap Initial Capacity: 100M
 Heap Max Capacity: 2G
 Pre-touch: Disabled
 Parallel Workers: 15
Heap:
 PSYoungGen      total 9728K, used 1598K [0x00000000d5580000, 0x00000000d6280000, 0x0000000100000000)
  eden space 8704K, 10% used [0x00000000d5580000,0x00000000d5667930,0x00000000d5e00000)
  from space 1024K, 65% used [0x00000000d6180000,0x00000000d6228000,0x00000000d6280000)
  to   space 1024K, 0% used [0x00000000d6080000,0x00000000d6080000,0x00000000d6180000)
 ParOldGen       total 200192K, used 199708K [0x0000000080000000, 0x000000008c380000, 0x00000000d5580000)
  object space 200192K, 99% used [0x0000000080000000,0x000000008c3072a8,0x000000008c380000)
 Metaspace       used 72069K, committed 73664K, reserved 1179648K
  class space    used 7581K, committed 8256K, reserved 1048576K
GC Heap History (20 events):
Event: 172.239 GC heap before
{Heap before GC invocations=134 (full 3):
 PSYoungGen      total 10240K, used 10226K [0x00000000d5580000, 0x00000000d7180000, 0x0000000100000000)
  eden space 8704K, 100% used [0x00000000d5580000,0x00000000d5e00000,0x00000000d5e00000)
  from space 1536K, 99% used [0x00000000d6500000,0x00000000d667cae8,0x00000000d6680000)
  to   space 7168K, 0% used [0x00000000d5e00000,0x00000000d5e00000,0x00000000d6500000)
 ParOldGen       total 185344K, used 185124K [0x0000000080000000, 0x000000008b500000, 0x00000000d5580000)
  object space 185344K, 99% used [0x0000000080000000,0x000000008b4c93f8,0x000000008b500000)
 Metaspace       used 70234K, committed 71872K, reserved 1114112K
  class space    used 7407K, committed 8064K, reserved 1048576K
}
Event: 172.244 GC heap after
{Heap after GC invocations=134 (full 3):
 PSYoungGen      total 10240K, used 1072K [0x00000000d5580000, 0x00000000d6580000, 0x0000000100000000)
  eden space 8704K, 0% used [0x00000000d5580000,0x00000000d5580000,0x00000000d5e00000)
  from space 1536K, 69% used [0x00000000d5e00000,0x00000000d5f0c030,0x00000000d5f80000)
  to   space 3072K, 0% used [0x00000000d6280000,0x00000000d6280000,0x00000000d6580000)
 ParOldGen       total 186880K, used 186707K [0x0000000080000000, 0x000000008b680000, 0x00000000d5580000)
  object space 186880K, 99% used [0x0000000080000000,0x000000008b654de8,0x000000008b680000)
 Metaspace       used 70234K, committed 71872K, reserved 1114112K
  class space    used 7407K, committed 8064K, reserved 1048576K
}
Event: 837.755 GC heap before
{Heap before GC invocations=135 (full 3):
 PSYoungGen      total 10240K, used 9776K [0x00000000d5580000, 0x00000000d6580000, 0x0000000100000000)
  eden space 8704K, 100% used [0x00000000d5580000,0x00000000d5e00000,0x00000000d5e00000)
  from space 1536K, 69% used [0x00000000d5e00000,0x00000000d5f0c030,0x00000000d5f80000)
  to   space 3072K, 0% used [0x00000000d6280000,0x00000000d6280000,0x00000000d6580000)
 ParOldGen       total 186880K, used 186707K [0x0000000080000000, 0x000000008b680000, 0x00000000d5580000)
  object space 186880K, 99% used [0x0000000080000000,0x000000008b654de8,0x000000008b680000)
 Metaspace       used 70697K, committed 72320K, reserved 1114112K
  class space    used 7459K, committed 8128K, reserved 1048576K
}
Event: 837.761 GC heap after
{Heap after GC invocations=135 (full 3):
 PSYoungGen      total 10752K, used 1536K [0x00000000d5580000, 0x00000000d6480000, 0x0000000100000000)
  eden space 8704K, 0% used [0x00000000d5580000,0x00000000d5580000,0x00000000d5e00000)
  from space 2048K, 75% used [0x00000000d6280000,0x00000000d64001b0,0x00000000d6480000)
  to   space 2048K, 0% used [0x00000000d6080000,0x00000000d6080000,0x00000000d6280000)
 ParOldGen       total 187904K, used 187475K [0x0000000080000000, 0x000000008b780000, 0x00000000d5580000)
  object space 187904K, 99% used [0x0000000080000000,0x000000008b714e68,0x000000008b780000)
 Metaspace       used 70697K, committed 72320K, reserved 1114112K
  class space    used 7459K, committed 8128K, reserved 1048576K
}
Event: 842.162 GC heap before
{Heap before GC invocations=136 (full 3):
 PSYoungGen      total 10752K, used 10240K [0x00000000d5580000, 0x00000000d6480000, 0x0000000100000000)
  eden space 8704K, 99% used [0x00000000d5580000,0x00000000d5dfffe0,0x00000000d5e00000)
  from space 2048K, 75% used [0x00000000d6280000,0x00000000d64001b0,0x00000000d6480000)
  to   space 2048K, 0% used [0x00000000d6080000,0x00000000d6080000,0x00000000d6280000)
 ParOldGen       total 187904K, used 187475K [0x0000000080000000, 0x000000008b780000, 0x00000000d5580000)
  object space 187904K, 99% used [0x0000000080000000,0x000000008b714e68,0x000000008b780000)
 Metaspace       used 70755K, committed 72448K, reserved 1114112K
  class space    used 7460K, committed 8192K, reserved 1048576K
}
Event: 842.164 GC heap after
{Heap after GC invocations=136 (full 3):
 PSYoungGen      total 10752K, used 2016K [0x00000000d5580000, 0x00000000d6600000, 0x0000000100000000)
  eden space 8704K, 0% used [0x00000000d5580000,0x00000000d5580000,0x00000000d5e00000)
  from space 2048K, 98% used [0x00000000d6080000,0x00000000d6278190,0x00000000d6280000)
  to   space 3584K, 0% used [0x00000000d6280000,0x00000000d6280000,0x00000000d6600000)
 ParOldGen       total 188928K, used 188783K [0x0000000080000000, 0x000000008b880000, 0x00000000d5580000)
  object space 188928K, 99% used [0x0000000080000000,0x000000008b85bde0,0x000000008b880000)
 Metaspace       used 70755K, committed 72448K, reserved 1114112K
  class space    used 7460K, committed 8192K, reserved 1048576K
}
Event: 842.292 GC heap before
{Heap before GC invocations=137 (full 3):
 PSYoungGen      total 10752K, used 9204K [0x00000000d5580000, 0x00000000d6600000, 0x0000000100000000)
  eden space 8704K, 82% used [0x00000000d5580000,0x00000000d5c84f20,0x00000000d5e00000)
  from space 2048K, 98% used [0x00000000d6080000,0x00000000d6278190,0x00000000d6280000)
  to   space 3584K, 0% used [0x00000000d6280000,0x00000000d6280000,0x00000000d6600000)
 ParOldGen       total 188928K, used 188783K [0x0000000080000000, 0x000000008b880000, 0x00000000d5580000)
  object space 188928K, 99% used [0x0000000080000000,0x000000008b85bde0,0x000000008b880000)
 Metaspace       used 71374K, committed 72960K, reserved 1114112K
  class space    used 7516K, committed 8192K, reserved 1048576K
}
Event: 842.294 GC heap after
{Heap after GC invocations=137 (full 3):
 PSYoungGen      total 9216K, used 436K [0x00000000d5580000, 0x00000000d6300000, 0x0000000100000000)
  eden space 8704K, 0% used [0x00000000d5580000,0x00000000d5580000,0x00000000d5e00000)
  from space 512K, 85% used [0x00000000d6280000,0x00000000d62ed200,0x00000000d6300000)
  to   space 1536K, 0% used [0x00000000d6000000,0x00000000d6000000,0x00000000d6180000)
 ParOldGen       total 188928K, used 188879K [0x0000000080000000, 0x000000008b880000, 0x00000000d5580000)
  object space 188928K, 99% used [0x0000000080000000,0x000000008b873de0,0x000000008b880000)
 Metaspace       used 71374K, committed 72960K, reserved 1114112K
  class space    used 7516K, committed 8192K, reserved 1048576K
}
Event: 842.389 GC heap before
{Heap before GC invocations=138 (full 3):
 PSYoungGen      total 9216K, used 9140K [0x00000000d5580000, 0x00000000d6300000, 0x0000000100000000)
  eden space 8704K, 100% used [0x00000000d5580000,0x00000000d5e00000,0x00000000d5e00000)
  from space 512K, 85% used [0x00000000d6280000,0x00000000d62ed200,0x00000000d6300000)
  to   space 1536K, 0% used [0x00000000d6000000,0x00000000d6000000,0x00000000d6180000)
 ParOldGen       total 188928K, used 188879K [0x0000000080000000, 0x000000008b880000, 0x00000000d5580000)
  object space 188928K, 99% used [0x0000000080000000,0x000000008b873de0,0x000000008b880000)
 Metaspace       used 71470K, committed 73024K, reserved 1114112K
  class space    used 7524K, committed 8192K, reserved 1048576K
}
Event: 842.391 GC heap after
{Heap after GC invocations=138 (full 3):
 PSYoungGen      total 10240K, used 1504K [0x00000000d5580000, 0x00000000d6c00000, 0x0000000100000000)
  eden space 8704K, 0% used [0x00000000d5580000,0x00000000d5580000,0x00000000d5e00000)
  from space 1536K, 97% used [0x00000000d6000000,0x00000000d6178020,0x00000000d6180000)
  to   space 7168K, 0% used [0x00000000d6500000,0x00000000d6500000,0x00000000d6c00000)
 ParOldGen       total 193536K, used 193391K [0x0000000080000000, 0x000000008bd00000, 0x00000000d5580000)
  object space 193536K, 99% used [0x0000000080000000,0x000000008bcdbf08,0x000000008bd00000)
 Metaspace       used 71470K, committed 73024K, reserved 1114112K
  class space    used 7524K, committed 8192K, reserved 1048576K
}
Event: 842.417 GC heap before
{Heap before GC invocations=139 (full 3):
 PSYoungGen      total 10240K, used 10208K [0x00000000d5580000, 0x00000000d6c00000, 0x0000000100000000)
  eden space 8704K, 100% used [0x00000000d5580000,0x00000000d5e00000,0x00000000d5e00000)
  from space 1536K, 97% used [0x00000000d6000000,0x00000000d6178020,0x00000000d6180000)
  to   space 7168K, 0% used [0x00000000d6500000,0x00000000d6500000,0x00000000d6c00000)
 ParOldGen       total 193536K, used 193391K [0x0000000080000000, 0x000000008bd00000, 0x00000000d5580000)
  object space 193536K, 99% used [0x0000000080000000,0x000000008bcdbf08,0x000000008bd00000)
 Metaspace       used 71489K, committed 73088K, reserved 1114112K
  class space    used 7525K, committed 8192K, reserved 1048576K
}
Event: 842.419 GC heap after
{Heap after GC invocations=139 (full 3):
 PSYoungGen      total 12288K, used 3183K [0x00000000d5580000, 0x00000000d6880000, 0x0000000100000000)
  eden space 8704K, 0% used [0x00000000d5580000,0x00000000d5580000,0x00000000d5e00000)
  from space 3584K, 88% used [0x00000000d6500000,0x00000000d681bc48,0x00000000d6880000)
  to   space 4608K, 0% used [0x00000000d5f80000,0x00000000d5f80000,0x00000000d6400000)
 ParOldGen       total 195072K, used 194967K [0x0000000080000000, 0x000000008be80000, 0x00000000d5580000)
  object space 195072K, 99% used [0x0000000080000000,0x000000008be65f28,0x000000008be80000)
 Metaspace       used 71489K, committed 73088K, reserved 1114112K
  class space    used 7525K, committed 8192K, reserved 1048576K
}
Event: 842.436 GC heap before
{Heap before GC invocations=140 (full 3):
 PSYoungGen      total 12288K, used 11887K [0x00000000d5580000, 0x00000000d6880000, 0x0000000100000000)
  eden space 8704K, 100% used [0x00000000d5580000,0x00000000d5e00000,0x00000000d5e00000)
  from space 3584K, 88% used [0x00000000d6500000,0x00000000d681bc48,0x00000000d6880000)
  to   space 4608K, 0% used [0x00000000d5f80000,0x00000000d5f80000,0x00000000d6400000)
 ParOldGen       total 195072K, used 194967K [0x0000000080000000, 0x000000008be80000, 0x00000000d5580000)
  object space 195072K, 99% used [0x0000000080000000,0x000000008be65f28,0x000000008be80000)
 Metaspace       used 71491K, committed 73088K, reserved 1114112K
  class space    used 7525K, committed 8192K, reserved 1048576K
}
Event: 842.438 GC heap after
{Heap after GC invocations=140 (full 3):
 PSYoungGen      total 11776K, used 3065K [0x00000000d5580000, 0x00000000d6580000, 0x0000000100000000)
  eden space 8704K, 0% used [0x00000000d5580000,0x00000000d5580000,0x00000000d5e00000)
  from space 3072K, 99% used [0x00000000d5f80000,0x00000000d627e648,0x00000000d6280000)
  to   space 3072K, 0% used [0x00000000d6280000,0x00000000d6280000,0x00000000d6580000)
 ParOldGen       total 198144K, used 197886K [0x0000000080000000, 0x000000008c180000, 0x00000000d5580000)
  object space 198144K, 99% used [0x0000000080000000,0x000000008c13fa68,0x000000008c180000)
 Metaspace       used 71491K, committed 73088K, reserved 1114112K
  class space    used 7525K, committed 8192K, reserved 1048576K
}
Event: 845.466 GC heap before
{Heap before GC invocations=141 (full 3):
 PSYoungGen      total 11776K, used 11769K [0x00000000d5580000, 0x00000000d6580000, 0x0000000100000000)
  eden space 8704K, 100% used [0x00000000d5580000,0x00000000d5e00000,0x00000000d5e00000)
  from space 3072K, 99% used [0x00000000d5f80000,0x00000000d627e648,0x00000000d6280000)
  to   space 3072K, 0% used [0x00000000d6280000,0x00000000d6280000,0x00000000d6580000)
 ParOldGen       total 198144K, used 197886K [0x0000000080000000, 0x000000008c180000, 0x00000000d5580000)
  object space 198144K, 99% used [0x0000000080000000,0x000000008c13fa68,0x000000008c180000)
 Metaspace       used 71563K, committed 73152K, reserved 1114112K
  class space    used 7546K, committed 8256K, reserved 1048576K
}
Event: 845.471 GC heap after
{Heap after GC invocations=141 (full 3):
 PSYoungGen      total 9728K, used 948K [0x00000000d5580000, 0x00000000d6380000, 0x0000000100000000)
  eden space 8704K, 0% used [0x00000000d5580000,0x00000000d5580000,0x00000000d5e00000)
  from space 1024K, 92% used [0x00000000d6280000,0x00000000d636d210,0x00000000d6380000)
  to   space 2048K, 0% used [0x00000000d5f80000,0x00000000d5f80000,0x00000000d6180000)
 ParOldGen       total 198656K, used 198158K [0x0000000080000000, 0x000000008c200000, 0x00000000d5580000)
  object space 198656K, 99% used [0x0000000080000000,0x000000008c183a68,0x000000008c200000)
 Metaspace       used 71563K, committed 73152K, reserved 1114112K
  class space    used 7546K, committed 8256K, reserved 1048576K
}
Event: 845.531 GC heap before
{Heap before GC invocations=142 (full 3):
 PSYoungGen      total 9728K, used 9652K [0x00000000d5580000, 0x00000000d6380000, 0x0000000100000000)
  eden space 8704K, 100% used [0x00000000d5580000,0x00000000d5e00000,0x00000000d5e00000)
  from space 1024K, 92% used [0x00000000d6280000,0x00000000d636d210,0x00000000d6380000)
  to   space 2048K, 0% used [0x00000000d5f80000,0x00000000d5f80000,0x00000000d6180000)
 ParOldGen       total 198656K, used 198158K [0x0000000080000000, 0x000000008c200000, 0x00000000d5580000)
  object space 198656K, 99% used [0x0000000080000000,0x000000008c183a68,0x000000008c200000)
 Metaspace       used 71576K, committed 73216K, reserved 1114112K
  class space    used 7546K, committed 8256K, reserved 1048576K
}
Event: 845.533 GC heap after
{Heap after GC invocations=142 (full 3):
 PSYoungGen      total 10752K, used 896K [0x00000000d5580000, 0x00000000d6300000, 0x0000000100000000)
  eden space 8704K, 0% used [0x00000000d5580000,0x00000000d5580000,0x00000000d5e00000)
  from space 2048K, 43% used [0x00000000d5f80000,0x00000000d6060020,0x00000000d6180000)
  to   space 1536K, 0% used [0x00000000d6180000,0x00000000d6180000,0x00000000d6300000)
 ParOldGen       total 199168K, used 198908K [0x0000000080000000, 0x000000008c280000, 0x00000000d5580000)
  object space 199168K, 99% used [0x0000000080000000,0x000000008c23f228,0x000000008c280000)
 Metaspace       used 71576K, committed 73216K, reserved 1114112K
  class space    used 7546K, committed 8256K, reserved 1048576K
}
Event: 1670.543 GC heap before
{Heap before GC invocations=143 (full 3):
 PSYoungGen      total 10752K, used 9600K [0x00000000d5580000, 0x00000000d6300000, 0x0000000100000000)
  eden space 8704K, 100% used [0x00000000d5580000,0x00000000d5e00000,0x00000000d5e00000)
  from space 2048K, 43% used [0x00000000d5f80000,0x00000000d6060020,0x00000000d6180000)
  to   space 1536K, 0% used [0x00000000d6180000,0x00000000d6180000,0x00000000d6300000)
 ParOldGen       total 199168K, used 198908K [0x0000000080000000, 0x000000008c280000, 0x00000000d5580000)
  object space 199168K, 99% used [0x0000000080000000,0x000000008c23f228,0x000000008c280000)
 Metaspace       used 71981K, committed 73664K, reserved 1179648K
  class space    used 7581K, committed 8256K, reserved 1048576K
}
Event: 1670.546 GC heap after
{Heap after GC invocations=143 (full 3):
 PSYoungGen      total 9728K, used 672K [0x00000000d5580000, 0x00000000d6280000, 0x0000000100000000)
  eden space 8704K, 0% used [0x00000000d5580000,0x00000000d5580000,0x00000000d5e00000)
  from space 1024K, 65% used [0x00000000d6180000,0x00000000d6228000,0x00000000d6280000)
  to   space 1024K, 0% used [0x00000000d6080000,0x00000000d6080000,0x00000000d6180000)
 ParOldGen       total 200192K, used 199708K [0x0000000080000000, 0x000000008c380000, 0x00000000d5580000)
  object space 200192K, 99% used [0x0000000080000000,0x000000008c3072a8,0x000000008c380000)
 Metaspace       used 71981K, committed 73664K, reserved 1179648K
  class space    used 7581K, committed 8256K, reserved 1048576K
}

